<?xml version="1.0" encoding="UTF-8"?>
<!-- Generated by org.testng.reporters.JUnitReportReporter -->
<testsuite hostname="DESKTOP-ACUQNDS" failures="0" tests="1" name="insuranceTestcase.HomepageTestcase" time="47.768" errors="0" timestamp="2024-07-26T19:21:33 IST" skipped="0">
  <testcase classname="insuranceTestcase.HomepageTestcase" name="homePageMethod" time="47.768"/>
  <system-out/>
</testsuite> <!-- insuranceTestcase.HomepageTestcase -->
