<?xml version="1.0" encoding="UTF-8"?>
<!-- Generated by org.testng.reporters.JUnitReportReporter -->
<testsuite hostname="DESKTOP-ACUQNDS" failures="0" tests="1" name="insuranceTestcase.RequestQuotationTestcase" time="6.849" errors="0" timestamp="2024-07-26T19:21:33 IST" skipped="0">
  <testcase classname="insuranceTestcase.RequestQuotationTestcase" name="ReqTestQuotation" time="6.849"/>
  <system-out/>
</testsuite> <!-- insuranceTestcase.RequestQuotationTestcase -->
